2019-12-08 20:19:56,592 INFO o.a.j.u.JMeterUtils: Setting Locale to en_EN
2019-12-08 20:19:56,624 INFO o.a.j.JMeter: Loading user properties from: user.properties
2019-12-08 20:19:56,625 INFO o.a.j.JMeter: Loading system properties from: system.properties
2019-12-08 20:19:56,627 INFO o.a.j.JMeter: Copyright (c) 1998-2019 The Apache Software Foundation
2019-12-08 20:19:56,627 INFO o.a.j.JMeter: Version 5.2.1
2019-12-08 20:19:56,627 INFO o.a.j.JMeter: java.version=1.8.0_201
2019-12-08 20:19:56,627 INFO o.a.j.JMeter: java.vm.name=Java HotSpot(TM) Client VM
2019-12-08 20:19:56,627 INFO o.a.j.JMeter: os.name=Windows 10
2019-12-08 20:19:56,627 INFO o.a.j.JMeter: os.arch=x86
2019-12-08 20:19:56,627 INFO o.a.j.JMeter: os.version=10.0
2019-12-08 20:19:56,628 INFO o.a.j.JMeter: file.encoding=Cp1252
2019-12-08 20:19:56,628 INFO o.a.j.JMeter: java.awt.headless=null
2019-12-08 20:19:56,628 INFO o.a.j.JMeter: Max memory     =1073741824
2019-12-08 20:19:56,628 INFO o.a.j.JMeter: Available Processors =4
2019-12-08 20:19:56,633 INFO o.a.j.JMeter: Default Locale=English (EN)
2019-12-08 20:19:56,634 INFO o.a.j.JMeter: JMeter  Locale=English (EN)
2019-12-08 20:19:56,634 INFO o.a.j.JMeter: JMeterHome=C:\Repo\LoadDev
2019-12-08 20:19:56,634 INFO o.a.j.JMeter: user.dir  =C:\Repo\LoadDev\bin
2019-12-08 20:19:56,634 INFO o.a.j.JMeter: PWD       =C:\Repo\LoadDev\bin
2019-12-08 20:19:56,638 INFO o.a.j.JMeter: IP: 192.168.8.103 Name: DESKTOP-KQG1ID7 FullName: DESKTOP-KQG1ID7
2019-12-08 20:19:56,927 INFO o.a.j.g.a.LookAndFeelCommand: Installing Darcula LAF
2019-12-08 20:19:56,955 INFO o.a.j.g.a.LookAndFeelCommand: Using look and feel: com.bulenkov.darcula.DarculaLaf [Darcula]
2019-12-08 20:19:56,955 INFO o.a.j.JMeter: Setting LAF to: com.bulenkov.darcula.DarculaLaf
2019-12-08 20:19:57,027 INFO o.a.j.JMeter: Loaded icon properties from org/apache/jmeter/images/icon.properties
2019-12-08 20:19:59,067 INFO o.a.j.p.h.s.HTTPSamplerBase: Parser for text/html is org.apache.jmeter.protocol.http.parser.LagartoBasedHtmlParser
2019-12-08 20:19:59,068 INFO o.a.j.p.h.s.HTTPSamplerBase: Parser for application/xhtml+xml is org.apache.jmeter.protocol.http.parser.LagartoBasedHtmlParser
2019-12-08 20:19:59,068 INFO o.a.j.p.h.s.HTTPSamplerBase: Parser for application/xml is org.apache.jmeter.protocol.http.parser.LagartoBasedHtmlParser
2019-12-08 20:19:59,068 INFO o.a.j.p.h.s.HTTPSamplerBase: Parser for text/xml is org.apache.jmeter.protocol.http.parser.LagartoBasedHtmlParser
2019-12-08 20:19:59,068 INFO o.a.j.p.h.s.HTTPSamplerBase: Parser for text/vnd.wap.wml is org.apache.jmeter.protocol.http.parser.RegexpHTMLParser
2019-12-08 20:19:59,068 INFO o.a.j.p.h.s.HTTPSamplerBase: Parser for text/css is org.apache.jmeter.protocol.http.parser.CssParser
2019-12-08 20:19:59,232 INFO o.a.j.e.KeyToolUtils: Exception checking for keytool existence, will return false, try another way.
2019-12-08 20:19:59,576 INFO o.a.j.e.KeyToolUtils: keytool found at 'C:\Program Files (x86)\Java\jre1.8.0_201\bin\keytool'
2019-12-08 20:19:59,576 INFO o.a.j.p.h.p.ProxyControl: HTTP(S) Test Script Recorder SSL Proxy will use keys that support embedded 3rd party resources in file C:\Repo\LoadDev\bin\proxyserver.jks
2019-12-08 20:19:59,710 INFO o.a.j.s.FileServer: Default base='C:\Repo\LoadDev\bin'
2019-12-08 20:20:00,747 INFO o.a.j.s.SampleResult: Note: Sample TimeStamps are START times
2019-12-08 20:20:00,748 INFO o.a.j.s.SampleResult: sampleresult.default.encoding is set to ISO-8859-1
2019-12-08 20:20:00,748 INFO o.a.j.s.SampleResult: sampleresult.useNanoTime=true
2019-12-08 20:20:00,748 INFO o.a.j.s.SampleResult: sampleresult.nanoThreadSleep=5000
2019-12-08 20:22:23,430 INFO o.a.j.s.FileServer: Set new base='C:\Repo\LoadDev\bin'
2019-12-08 20:22:23,684 INFO o.a.j.s.SaveService: Testplan (JMX) version: 2.2. Testlog (JTL) version: 2.2
2019-12-08 20:22:23,698 INFO o.a.j.s.SaveService: Using SaveService properties file encoding UTF-8
2019-12-08 20:22:23,700 INFO o.a.j.s.SaveService: Using SaveService properties version 5.0
2019-12-08 20:22:35,941 INFO o.a.j.g.a.Load: Loading file: C:\Repo\LoadDev\bin\GmailLoad.jmx
2019-12-08 20:22:35,941 INFO o.a.j.s.FileServer: Set new base='C:\Repo\LoadDev\bin'
2019-12-08 20:22:35,942 INFO o.a.j.s.SaveService: Loading file: C:\Repo\LoadDev\bin\GmailLoad.jmx
2019-12-08 20:22:35,971 INFO o.a.j.s.FileServer: Set new base='C:\Repo\LoadDev\bin'
2019-12-08 20:38:09,073 INFO o.a.j.e.StandardJMeterEngine: Running the test!
2019-12-08 20:38:09,074 INFO o.a.j.s.SampleEvent: List of sample_variables: []
2019-12-08 20:38:09,074 INFO o.a.j.s.SampleEvent: List of sample_variables: []
2019-12-08 20:38:09,077 INFO o.a.j.e.u.CompoundVariable: Note: Function class names must contain the string: '.functions.'
2019-12-08 20:38:09,077 INFO o.a.j.e.u.CompoundVariable: Note: Function class names must not contain the string: '.gui.'
2019-12-08 20:38:09,425 INFO o.a.j.g.u.JMeterMenuBar: setRunning(true, *local*)
2019-12-08 20:38:09,427 INFO o.a.j.e.StandardJMeterEngine: Starting setUp thread groups
2019-12-08 20:38:09,427 INFO o.a.j.e.StandardJMeterEngine: Starting setUp ThreadGroup: 1 : Initial startup tread group 
2019-12-08 20:38:09,427 INFO o.a.j.e.StandardJMeterEngine: Starting 10 threads for group Initial startup tread group.
2019-12-08 20:38:09,428 INFO o.a.j.e.StandardJMeterEngine: Thread will continue on error
2019-12-08 20:38:09,428 INFO o.a.j.t.ThreadGroup: Starting thread group... number=1 threads=10 ramp-up=1 delayedStart=false
2019-12-08 20:38:09,434 INFO o.a.j.t.JMeterThread: Thread started: Initial startup tread group 1-1
2019-12-08 20:38:09,440 INFO o.a.j.t.ThreadGroup: Started thread group number 1
2019-12-08 20:38:09,440 INFO o.a.j.e.StandardJMeterEngine: Waiting for all setup thread groups to exit
2019-12-08 20:38:09,459 INFO o.a.j.p.h.s.HTTPHCAbstractImpl: Local host = DESKTOP-KQG1ID7
2019-12-08 20:38:09,469 INFO o.a.j.p.h.s.HTTPHC4Impl: HTTP request retry count = 0
2019-12-08 20:38:09,531 INFO o.a.j.t.JMeterThread: Thread started: Initial startup tread group 1-2
2019-12-08 20:38:09,630 INFO o.a.j.t.JMeterThread: Thread started: Initial startup tread group 1-3
2019-12-08 20:38:09,730 INFO o.a.j.t.JMeterThread: Thread started: Initial startup tread group 1-4
2019-12-08 20:38:09,831 INFO o.a.j.t.JMeterThread: Thread started: Initial startup tread group 1-5
2019-12-08 20:38:09,932 INFO o.a.j.t.JMeterThread: Thread started: Initial startup tread group 1-6
2019-12-08 20:38:10,033 INFO o.a.j.t.JMeterThread: Thread started: Initial startup tread group 1-7
2019-12-08 20:38:10,134 INFO o.a.j.t.JMeterThread: Thread started: Initial startup tread group 1-8
2019-12-08 20:38:10,246 INFO o.a.j.t.JMeterThread: Thread started: Initial startup tread group 1-9
2019-12-08 20:38:10,343 INFO o.a.j.t.JMeterThread: Thread started: Initial startup tread group 1-10
2019-12-08 20:38:14,435 INFO o.a.j.t.JMeterThread: Stopping because end time detected by thread: Initial startup tread group 1-5
2019-12-08 20:38:14,435 INFO o.a.j.t.JMeterThread: Thread finished: Initial startup tread group 1-5
2019-12-08 20:38:14,436 INFO o.a.j.t.JMeterThread: Stopping because end time detected by thread: Initial startup tread group 1-6
2019-12-08 20:38:14,436 INFO o.a.j.t.JMeterThread: Thread finished: Initial startup tread group 1-6
2019-12-08 20:38:14,436 INFO o.a.j.t.JMeterThread: Stopping because end time detected by thread: Initial startup tread group 1-3
2019-12-08 20:38:14,436 INFO o.a.j.t.JMeterThread: Stopping because end time detected by thread: Initial startup tread group 1-2
2019-12-08 20:38:14,436 INFO o.a.j.t.JMeterThread: Thread finished: Initial startup tread group 1-3
2019-12-08 20:38:14,436 INFO o.a.j.t.JMeterThread: Thread finished: Initial startup tread group 1-2
2019-12-08 20:38:14,437 INFO o.a.j.t.JMeterThread: Stopping because end time detected by thread: Initial startup tread group 1-8
2019-12-08 20:38:14,438 INFO o.a.j.t.JMeterThread: Stopping because end time detected by thread: Initial startup tread group 1-9
2019-12-08 20:38:14,438 INFO o.a.j.t.JMeterThread: Thread finished: Initial startup tread group 1-8
2019-12-08 20:38:14,438 INFO o.a.j.t.JMeterThread: Thread finished: Initial startup tread group 1-9
2019-12-08 20:38:14,438 INFO o.a.j.t.JMeterThread: Stopping because end time detected by thread: Initial startup tread group 1-1
2019-12-08 20:38:14,438 INFO o.a.j.t.JMeterThread: Thread finished: Initial startup tread group 1-1
2019-12-08 20:38:14,438 INFO o.a.j.t.JMeterThread: Stopping because end time detected by thread: Initial startup tread group 1-7
2019-12-08 20:38:14,438 INFO o.a.j.t.JMeterThread: Thread finished: Initial startup tread group 1-7
2019-12-08 20:38:14,438 INFO o.a.j.t.JMeterThread: Stopping because end time detected by thread: Initial startup tread group 1-4
2019-12-08 20:38:14,438 INFO o.a.j.t.JMeterThread: Thread finished: Initial startup tread group 1-4
2019-12-08 20:38:14,439 INFO o.a.j.t.JMeterThread: Stopping because end time detected by thread: Initial startup tread group 1-10
2019-12-08 20:38:14,439 INFO o.a.j.t.JMeterThread: Thread finished: Initial startup tread group 1-10
2019-12-08 20:38:14,439 INFO o.a.j.e.StandardJMeterEngine: All Setup Threads have ended
2019-12-08 20:38:14,450 INFO o.a.j.e.StandardJMeterEngine: Starting ThreadGroup: 1 : GSuite Thread Group
2019-12-08 20:38:14,451 INFO o.a.j.e.StandardJMeterEngine: Starting 20 threads for group GSuite Thread Group.
2019-12-08 20:38:14,451 INFO o.a.j.e.StandardJMeterEngine: Thread will continue on error
2019-12-08 20:38:14,451 INFO o.a.j.t.ThreadGroup: Starting thread group... number=1 threads=20 ramp-up=2 delayedStart=false
2019-12-08 20:38:14,456 INFO o.a.j.t.JMeterThread: Thread started: GSuite Thread Group 1-1
2019-12-08 20:38:14,463 INFO o.a.j.t.JMeterThread: Thread is done: GSuite Thread Group 1-1
2019-12-08 20:38:14,463 INFO o.a.j.t.JMeterThread: Thread finished: GSuite Thread Group 1-1
2019-12-08 20:38:14,474 INFO o.a.j.t.ThreadGroup: Started thread group number 1
2019-12-08 20:38:14,474 INFO o.a.j.e.StandardJMeterEngine: All thread groups have been started
2019-12-08 20:38:14,562 INFO o.a.j.t.JMeterThread: Thread started: GSuite Thread Group 1-2
2019-12-08 20:38:14,567 INFO o.a.j.t.JMeterThread: Thread is done: GSuite Thread Group 1-2
2019-12-08 20:38:14,567 INFO o.a.j.t.JMeterThread: Thread finished: GSuite Thread Group 1-2
2019-12-08 20:38:14,660 INFO o.a.j.t.JMeterThread: Thread started: GSuite Thread Group 1-3
2019-12-08 20:38:14,665 INFO o.a.j.t.JMeterThread: Thread is done: GSuite Thread Group 1-3
2019-12-08 20:38:14,666 INFO o.a.j.t.JMeterThread: Thread finished: GSuite Thread Group 1-3
2019-12-08 20:38:14,759 INFO o.a.j.t.JMeterThread: Thread started: GSuite Thread Group 1-4
2019-12-08 20:38:14,766 INFO o.a.j.t.JMeterThread: Thread is done: GSuite Thread Group 1-4
2019-12-08 20:38:14,766 INFO o.a.j.t.JMeterThread: Thread finished: GSuite Thread Group 1-4
2019-12-08 20:38:14,859 INFO o.a.j.t.JMeterThread: Thread started: GSuite Thread Group 1-5
2019-12-08 20:38:14,864 INFO o.a.j.t.JMeterThread: Thread is done: GSuite Thread Group 1-5
2019-12-08 20:38:14,864 INFO o.a.j.t.JMeterThread: Thread finished: GSuite Thread Group 1-5
2019-12-08 20:38:14,959 INFO o.a.j.t.JMeterThread: Thread started: GSuite Thread Group 1-6
2019-12-08 20:38:14,964 INFO o.a.j.t.JMeterThread: Thread is done: GSuite Thread Group 1-6
2019-12-08 20:38:14,965 INFO o.a.j.t.JMeterThread: Thread finished: GSuite Thread Group 1-6
2019-12-08 20:38:15,058 INFO o.a.j.t.JMeterThread: Thread started: GSuite Thread Group 1-7
2019-12-08 20:38:15,064 INFO o.a.j.t.JMeterThread: Thread is done: GSuite Thread Group 1-7
2019-12-08 20:38:15,064 INFO o.a.j.t.JMeterThread: Thread finished: GSuite Thread Group 1-7
2019-12-08 20:38:15,157 INFO o.a.j.t.JMeterThread: Thread started: GSuite Thread Group 1-8
2019-12-08 20:38:15,164 INFO o.a.j.t.JMeterThread: Thread is done: GSuite Thread Group 1-8
2019-12-08 20:38:15,164 INFO o.a.j.t.JMeterThread: Thread finished: GSuite Thread Group 1-8
2019-12-08 20:38:15,256 INFO o.a.j.t.JMeterThread: Thread started: GSuite Thread Group 1-9
2019-12-08 20:38:15,263 INFO o.a.j.t.JMeterThread: Thread is done: GSuite Thread Group 1-9
2019-12-08 20:38:15,263 INFO o.a.j.t.JMeterThread: Thread finished: GSuite Thread Group 1-9
2019-12-08 20:38:15,356 INFO o.a.j.t.JMeterThread: Thread started: GSuite Thread Group 1-10
2019-12-08 20:38:15,359 INFO o.a.j.t.JMeterThread: Thread is done: GSuite Thread Group 1-10
2019-12-08 20:38:15,359 INFO o.a.j.t.JMeterThread: Thread finished: GSuite Thread Group 1-10
2019-12-08 20:38:15,456 INFO o.a.j.t.JMeterThread: Thread started: GSuite Thread Group 1-11
2019-12-08 20:38:15,462 INFO o.a.j.t.JMeterThread: Thread is done: GSuite Thread Group 1-11
2019-12-08 20:38:15,462 INFO o.a.j.t.JMeterThread: Thread finished: GSuite Thread Group 1-11
2019-12-08 20:38:15,555 INFO o.a.j.t.JMeterThread: Thread started: GSuite Thread Group 1-12
2019-12-08 20:38:15,558 INFO o.a.j.t.JMeterThread: Thread is done: GSuite Thread Group 1-12
2019-12-08 20:38:15,558 INFO o.a.j.t.JMeterThread: Thread finished: GSuite Thread Group 1-12
2019-12-08 20:38:15,655 INFO o.a.j.t.JMeterThread: Thread started: GSuite Thread Group 1-13
2019-12-08 20:38:15,662 INFO o.a.j.t.JMeterThread: Thread is done: GSuite Thread Group 1-13
2019-12-08 20:38:15,662 INFO o.a.j.t.JMeterThread: Thread finished: GSuite Thread Group 1-13
2019-12-08 20:38:15,769 INFO o.a.j.t.JMeterThread: Thread started: GSuite Thread Group 1-14
2019-12-08 20:38:15,776 INFO o.a.j.t.JMeterThread: Thread is done: GSuite Thread Group 1-14
2019-12-08 20:38:15,777 INFO o.a.j.t.JMeterThread: Thread finished: GSuite Thread Group 1-14
2019-12-08 20:38:15,864 INFO o.a.j.t.JMeterThread: Thread started: GSuite Thread Group 1-15
2019-12-08 20:38:15,867 INFO o.a.j.t.JMeterThread: Thread is done: GSuite Thread Group 1-15
2019-12-08 20:38:15,867 INFO o.a.j.t.JMeterThread: Thread finished: GSuite Thread Group 1-15
2019-12-08 20:38:15,963 INFO o.a.j.t.JMeterThread: Thread started: GSuite Thread Group 1-16
2019-12-08 20:38:15,969 INFO o.a.j.t.JMeterThread: Thread is done: GSuite Thread Group 1-16
2019-12-08 20:38:15,970 INFO o.a.j.t.JMeterThread: Thread finished: GSuite Thread Group 1-16
2019-12-08 20:38:16,063 INFO o.a.j.t.JMeterThread: Thread started: GSuite Thread Group 1-17
2019-12-08 20:38:16,070 INFO o.a.j.t.JMeterThread: Thread is done: GSuite Thread Group 1-17
2019-12-08 20:38:16,070 INFO o.a.j.t.JMeterThread: Thread finished: GSuite Thread Group 1-17
2019-12-08 20:38:16,163 INFO o.a.j.t.JMeterThread: Thread started: GSuite Thread Group 1-18
2019-12-08 20:38:16,165 INFO o.a.j.t.JMeterThread: Thread is done: GSuite Thread Group 1-18
2019-12-08 20:38:16,165 INFO o.a.j.t.JMeterThread: Thread finished: GSuite Thread Group 1-18
2019-12-08 20:38:16,262 INFO o.a.j.t.JMeterThread: Thread started: GSuite Thread Group 1-19
2019-12-08 20:38:16,270 INFO o.a.j.t.JMeterThread: Thread is done: GSuite Thread Group 1-19
2019-12-08 20:38:16,270 INFO o.a.j.t.JMeterThread: Thread finished: GSuite Thread Group 1-19
2019-12-08 20:38:16,364 INFO o.a.j.t.JMeterThread: Thread started: GSuite Thread Group 1-20
2019-12-08 20:38:16,366 INFO o.a.j.t.JMeterThread: Thread is done: GSuite Thread Group 1-20
2019-12-08 20:38:16,366 INFO o.a.j.t.JMeterThread: Thread finished: GSuite Thread Group 1-20
2019-12-08 20:38:16,367 INFO o.a.j.e.StandardJMeterEngine: Notifying test listeners of end of test
2019-12-08 20:38:16,368 INFO o.a.j.g.u.JMeterMenuBar: setRunning(false, *local*)
2019-12-08 20:46:11,179 INFO o.a.j.g.a.Load: Loading file: C:\Users\deven\Downloads\RECORD-12-08-19-8-42-37-PM.jmx
2019-12-08 20:46:11,179 INFO o.a.j.s.FileServer: Set new base='C:\Users\deven\Downloads'
2019-12-08 20:46:11,179 INFO o.a.j.s.SaveService: Loading file: C:\Users\deven\Downloads\RECORD-12-08-19-8-42-37-PM.jmx
2019-12-08 20:46:11,200 INFO o.a.j.p.h.c.CookieManager: Settings: Delete null: true Check: true Allow variable: true Save: false Prefix: COOKIE_
2019-12-08 20:46:11,202 INFO o.a.j.p.h.c.CacheManager: Will only cache the following methods: [GET]
2019-12-08 20:46:11,266 INFO o.a.j.s.FileServer: Set new base='C:\Users\deven\Downloads'
2019-12-08 20:46:45,457 INFO o.a.j.e.StandardJMeterEngine: Running the test!
2019-12-08 20:46:45,457 INFO o.a.j.s.SampleEvent: List of sample_variables: []
2019-12-08 20:46:45,460 INFO o.a.j.g.u.JMeterMenuBar: setRunning(true, *local*)
2019-12-08 20:46:45,600 INFO o.a.j.e.StandardJMeterEngine: Starting ThreadGroup: 1 : Thread Group
2019-12-08 20:46:45,600 INFO o.a.j.e.StandardJMeterEngine: Starting 1 threads for group Thread Group.
2019-12-08 20:46:45,601 INFO o.a.j.e.StandardJMeterEngine: Thread will continue on error
2019-12-08 20:46:45,601 INFO o.a.j.t.ThreadGroup: Starting thread group... number=1 threads=1 ramp-up=1 delayedStart=false
2019-12-08 20:46:45,603 INFO o.a.j.t.ThreadGroup: Started thread group number 1
2019-12-08 20:46:45,603 INFO o.a.j.e.StandardJMeterEngine: All thread groups have been started
2019-12-08 20:46:45,604 INFO o.a.j.t.JMeterThread: Thread started: Thread Group 1-1
2019-12-08 20:46:45,737 INFO o.a.j.p.h.s.h.LazyLayeredConnectionSocketFactory: Setting up HTTPS TrustAll Socket Factory
2019-12-08 20:46:45,743 INFO o.a.j.u.JsseSSLManager: Using default SSL protocol: TLS
2019-12-08 20:46:45,743 INFO o.a.j.u.JsseSSLManager: SSL session context: per-thread
2019-12-08 20:46:46,281 INFO o.a.j.u.SSLManager: JmeterKeyStore Location:  type JKS
2019-12-08 20:46:46,282 INFO o.a.j.u.SSLManager: KeyStore created OK
2019-12-08 20:46:46,282 WARN o.a.j.u.SSLManager: Keystore file not found, loading empty keystore
2019-12-08 20:46:48,407 INFO o.a.j.p.h.p.BaseParser: Created org.apache.jmeter.protocol.http.parser.LagartoBasedHtmlParser
2019-12-08 20:46:48,512 INFO o.a.j.p.h.s.ResourcesDownloader: Creating ResourcesDownloader with keepalive_inseconds : 60
2019-12-08 20:46:49,726 INFO o.a.j.p.h.p.BaseParser: Created org.apache.jmeter.protocol.http.parser.CssParser
2019-12-08 20:46:54,054 WARN c.h.c.r.e.LoggingCSSParseErrorHandler: Browser compliant mode skipped CSS from [1:146286] starting at token ']' until [1:146361] to token '}' (based on com.helger.css.parser.ParseException: Encountered unexpected token: "--scrollable" <IDENT>
    at line 1, column 146287.

Was expecting one of:

    "."
    ":"
    ":not("
    "["
    <COMMA>
    <HASH>
    <LBRACE>
    <S>
)
2019-12-08 20:46:54,054 WARN c.h.c.r.e.LoggingCSSParseErrorHandler: Browser compliant mode skipped CSS from [1:146386] starting at token ']' until [1:146482] to token '}' (based on com.helger.css.parser.ParseException: Encountered unexpected token: "--scrollable" <IDENT>
    at line 1, column 146387.

Was expecting one of:

    "."
    ":"
    ":not("
    "["
    <COMMA>
    <HASH>
    <LBRACE>
    <S>
)
2019-12-08 20:46:54,055 WARN c.h.c.r.e.LoggingCSSParseErrorHandler: Browser compliant mode skipped CSS from [1:146507] starting at token ']' until [1:146602] to token '}' (based on com.helger.css.parser.ParseException: Encountered unexpected token: "--scrollable" <IDENT>
    at line 1, column 146508.

Was expecting one of:

    "."
    ":"
    ":not("
    "["
    <COMMA>
    <HASH>
    <LBRACE>
    <S>
)
2019-12-08 20:46:54,055 WARN c.h.c.r.e.LoggingCSSParseErrorHandler: Browser compliant mode skipped CSS from [1:146660] starting at token ']' until [1:146773] to token '}' (based on com.helger.css.parser.ParseException: Encountered unexpected token: "--scrollable" <IDENT>
    at line 1, column 146661.

Was expecting one of:

    "."
    ":"
    ":not("
    "["
    <COMMA>
    <HASH>
    <LBRACE>
    <S>
)
2019-12-08 20:46:54,055 WARN c.h.c.r.e.LoggingCSSParseErrorHandler: Browser compliant mode skipped CSS from [1:146798] starting at token ']' until [1:146872] to token '}' (based on com.helger.css.parser.ParseException: Encountered unexpected token: "--scrollable" <IDENT>
    at line 1, column 146799.

Was expecting one of:

    "."
    ":"
    ":not("
    "["
    <COMMA>
    <HASH>
    <LBRACE>
    <S>
)
2019-12-08 20:46:54,055 WARN c.h.c.r.e.LoggingCSSParseErrorHandler: Browser compliant mode skipped CSS from [1:146897] starting at token ']' until [1:146969] to token '}' (based on com.helger.css.parser.ParseException: Encountered unexpected token: "--scrollable" <IDENT>
    at line 1, column 146898.

Was expecting one of:

    "."
    ":"
    ":not("
    "["
    <COMMA>
    <HASH>
    <LBRACE>
    <S>
)
2019-12-08 20:46:54,141 WARN c.h.c.r.e.LoggingCSSParseErrorHandler: Browser compliant mode skipped CSS from [1:264195] starting at token ':' until [1:264204] to token ';' (based on com.helger.css.parser.ParseException: Encountered unexpected token: "(" "("
    at line 1, column 264196.

Was expecting one of:

    "+"
    "-"
    "["
    "and"
    "expression("
    "from"
    "inherit"
    "not"
    "only"
    "or"
    "to"
    <ANGLE_DEG>
    <ANGLE_GRAD>
    <ANGLE_RAD>
    <ANGLE_TURN>
    <CH>
    <DPCM>
    <DPI>
    <DPPX>
    <EM>
    <EX>
    <FR>
    <FREQ_HZ>
    <FREQ_KHZ>
    <FUNCTION>
    <FUNCTION_CALC>
    <HASH>
    <IDENT>
    <LENGTH_CM>
    <LENGTH_IN>
    <LENGTH_MM>
    <LENGTH_PC>
    <LENGTH_PT>
    <LENGTH_Q>
    <NUMBER>
    <PERCENTAGE>
    <PX>
    <REM>
    <S>
    <STRING1>
    <STRING2>
    <TIME_MS>
    <TIME_S>
    <URANGE>
    <URL>
    <VH>
    <VMAX>
    <VMIN>
    <VW>
)
2019-12-08 20:46:54,141 WARN c.h.c.r.e.LoggingCSSParseErrorHandler: Browser compliant mode skipped CSS from [1:264254] starting at token ':' until [1:264263] to token ';' (based on com.helger.css.parser.ParseException: Encountered unexpected token: "(" "("
    at line 1, column 264255.

Was expecting one of:

    "+"
    "-"
    "["
    "and"
    "expression("
    "from"
    "inherit"
    "not"
    "only"
    "or"
    "to"
    <ANGLE_DEG>
    <ANGLE_GRAD>
    <ANGLE_RAD>
    <ANGLE_TURN>
    <CH>
    <DPCM>
    <DPI>
    <DPPX>
    <EM>
    <EX>
    <FR>
    <FREQ_HZ>
    <FREQ_KHZ>
    <FUNCTION>
    <FUNCTION_CALC>
    <HASH>
    <IDENT>
    <LENGTH_CM>
    <LENGTH_IN>
    <LENGTH_MM>
    <LENGTH_PC>
    <LENGTH_PT>
    <LENGTH_Q>
    <NUMBER>
    <PERCENTAGE>
    <PX>
    <REM>
    <S>
    <STRING1>
    <STRING2>
    <TIME_MS>
    <TIME_S>
    <URANGE>
    <URL>
    <VH>
    <VMAX>
    <VMIN>
    <VW>
)
2019-12-08 20:46:54,142 WARN c.h.c.r.e.LoggingCSSParseErrorHandler: Browser compliant mode skipped CSS from [1:264404] starting at token ':' until [1:264413] to token ';' (based on com.helger.css.parser.ParseException: Encountered unexpected token: "(" "("
    at line 1, column 264405.

Was expecting one of:

    "+"
    "-"
    "["
    "and"
    "expression("
    "from"
    "inherit"
    "not"
    "only"
    "or"
    "to"
    <ANGLE_DEG>
    <ANGLE_GRAD>
    <ANGLE_RAD>
    <ANGLE_TURN>
    <CH>
    <DPCM>
    <DPI>
    <DPPX>
    <EM>
    <EX>
    <FR>
    <FREQ_HZ>
    <FREQ_KHZ>
    <FUNCTION>
    <FUNCTION_CALC>
    <HASH>
    <IDENT>
    <LENGTH_CM>
    <LENGTH_IN>
    <LENGTH_MM>
    <LENGTH_PC>
    <LENGTH_PT>
    <LENGTH_Q>
    <NUMBER>
    <PERCENTAGE>
    <PX>
    <REM>
    <S>
    <STRING1>
    <STRING2>
    <TIME_MS>
    <TIME_S>
    <URANGE>
    <URL>
    <VH>
    <VMAX>
    <VMIN>
    <VW>
)
2019-12-08 20:46:54,142 WARN c.h.c.r.e.LoggingCSSParseErrorHandler: Browser compliant mode skipped CSS from [1:264495] starting at token ':' until [1:264504] to token ';' (based on com.helger.css.parser.ParseException: Encountered unexpected token: "(" "("
    at line 1, column 264496.

Was expecting one of:

    "+"
    "-"
    "["
    "and"
    "expression("
    "from"
    "inherit"
    "not"
    "only"
    "or"
    "to"
    <ANGLE_DEG>
    <ANGLE_GRAD>
    <ANGLE_RAD>
    <ANGLE_TURN>
    <CH>
    <DPCM>
    <DPI>
    <DPPX>
    <EM>
    <EX>
    <FR>
    <FREQ_HZ>
    <FREQ_KHZ>
    <FUNCTION>
    <FUNCTION_CALC>
    <HASH>
    <IDENT>
    <LENGTH_CM>
    <LENGTH_IN>
    <LENGTH_MM>
    <LENGTH_PC>
    <LENGTH_PT>
    <LENGTH_Q>
    <NUMBER>
    <PERCENTAGE>
    <PX>
    <REM>
    <S>
    <STRING1>
    <STRING2>
    <TIME_MS>
    <TIME_S>
    <URANGE>
    <URL>
    <VH>
    <VMAX>
    <VMIN>
    <VW>
)
2019-12-08 20:46:54,142 WARN c.h.c.r.e.LoggingCSSParseErrorHandler: Browser compliant mode skipped CSS from [1:264586] starting at token ':' until [1:264595] to token ';' (based on com.helger.css.parser.ParseException: Encountered unexpected token: "(" "("
    at line 1, column 264587.

Was expecting one of:

    "+"
    "-"
    "["
    "and"
    "expression("
    "from"
    "inherit"
    "not"
    "only"
    "or"
    "to"
    <ANGLE_DEG>
    <ANGLE_GRAD>
    <ANGLE_RAD>
    <ANGLE_TURN>
    <CH>
    <DPCM>
    <DPI>
    <DPPX>
    <EM>
    <EX>
    <FR>
    <FREQ_HZ>
    <FREQ_KHZ>
    <FUNCTION>
    <FUNCTION_CALC>
    <HASH>
    <IDENT>
    <LENGTH_CM>
    <LENGTH_IN>
    <LENGTH_MM>
    <LENGTH_PC>
    <LENGTH_PT>
    <LENGTH_Q>
    <NUMBER>
    <PERCENTAGE>
    <PX>
    <REM>
    <S>
    <STRING1>
    <STRING2>
    <TIME_MS>
    <TIME_S>
    <URANGE>
    <URL>
    <VH>
    <VMAX>
    <VMIN>
    <VW>
)
2019-12-08 20:46:54,142 WARN c.h.c.r.e.LoggingCSSParseErrorHandler: Browser compliant mode skipped CSS from [1:264677] starting at token ':' until [1:264686] to token ';' (based on com.helger.css.parser.ParseException: Encountered unexpected token: "(" "("
    at line 1, column 264678.

Was expecting one of:

    "+"
    "-"
    "["
    "and"
    "expression("
    "from"
    "inherit"
    "not"
    "only"
    "or"
    "to"
    <ANGLE_DEG>
    <ANGLE_GRAD>
    <ANGLE_RAD>
    <ANGLE_TURN>
    <CH>
    <DPCM>
    <DPI>
    <DPPX>
    <EM>
    <EX>
    <FR>
    <FREQ_HZ>
    <FREQ_KHZ>
    <FUNCTION>
    <FUNCTION_CALC>
    <HASH>
    <IDENT>
    <LENGTH_CM>
    <LENGTH_IN>
    <LENGTH_MM>
    <LENGTH_PC>
    <LENGTH_PT>
    <LENGTH_Q>
    <NUMBER>
    <PERCENTAGE>
    <PX>
    <REM>
    <S>
    <STRING1>
    <STRING2>
    <TIME_MS>
    <TIME_S>
    <URANGE>
    <URL>
    <VH>
    <VMAX>
    <VMIN>
    <VW>
)
2019-12-08 20:46:54,142 WARN c.h.c.r.e.LoggingCSSParseErrorHandler: Browser compliant mode skipped CSS from [1:264768] starting at token ':' until [1:264777] to token ';' (based on com.helger.css.parser.ParseException: Encountered unexpected token: "(" "("
    at line 1, column 264769.

Was expecting one of:

    "+"
    "-"
    "["
    "and"
    "expression("
    "from"
    "inherit"
    "not"
    "only"
    "or"
    "to"
    <ANGLE_DEG>
    <ANGLE_GRAD>
    <ANGLE_RAD>
    <ANGLE_TURN>
    <CH>
    <DPCM>
    <DPI>
    <DPPX>
    <EM>
    <EX>
    <FR>
    <FREQ_HZ>
    <FREQ_KHZ>
    <FUNCTION>
    <FUNCTION_CALC>
    <HASH>
    <IDENT>
    <LENGTH_CM>
    <LENGTH_IN>
    <LENGTH_MM>
    <LENGTH_PC>
    <LENGTH_PT>
    <LENGTH_Q>
    <NUMBER>
    <PERCENTAGE>
    <PX>
    <REM>
    <S>
    <STRING1>
    <STRING2>
    <TIME_MS>
    <TIME_S>
    <URANGE>
    <URL>
    <VH>
    <VMAX>
    <VMIN>
    <VW>
)
2019-12-08 20:46:54,143 WARN c.h.c.r.e.LoggingCSSParseErrorHandler: Browser compliant mode skipped CSS from [1:264859] starting at token ':' until [1:264868] to token ';' (based on com.helger.css.parser.ParseException: Encountered unexpected token: "(" "("
    at line 1, column 264860.

Was expecting one of:

    "+"
    "-"
    "["
    "and"
    "expression("
    "from"
    "inherit"
    "not"
    "only"
    "or"
    "to"
    <ANGLE_DEG>
    <ANGLE_GRAD>
    <ANGLE_RAD>
    <ANGLE_TURN>
    <CH>
    <DPCM>
    <DPI>
    <DPPX>
    <EM>
    <EX>
    <FR>
    <FREQ_HZ>
    <FREQ_KHZ>
    <FUNCTION>
    <FUNCTION_CALC>
    <HASH>
    <IDENT>
    <LENGTH_CM>
    <LENGTH_IN>
    <LENGTH_MM>
    <LENGTH_PC>
    <LENGTH_PT>
    <LENGTH_Q>
    <NUMBER>
    <PERCENTAGE>
    <PX>
    <REM>
    <S>
    <STRING1>
    <STRING2>
    <TIME_MS>
    <TIME_S>
    <URANGE>
    <URL>
    <VH>
    <VMAX>
    <VMIN>
    <VW>
)
2019-12-08 20:46:54,143 WARN c.h.c.r.e.LoggingCSSParseErrorHandler: Browser compliant mode skipped CSS from [1:264950] starting at token ':' until [1:264959] to token ';' (based on com.helger.css.parser.ParseException: Encountered unexpected token: "(" "("
    at line 1, column 264951.

Was expecting one of:

    "+"
    "-"
    "["
    "and"
    "expression("
    "from"
    "inherit"
    "not"
    "only"
    "or"
    "to"
    <ANGLE_DEG>
    <ANGLE_GRAD>
    <ANGLE_RAD>
    <ANGLE_TURN>
    <CH>
    <DPCM>
    <DPI>
    <DPPX>
    <EM>
    <EX>
    <FR>
    <FREQ_HZ>
    <FREQ_KHZ>
    <FUNCTION>
    <FUNCTION_CALC>
    <HASH>
    <IDENT>
    <LENGTH_CM>
    <LENGTH_IN>
    <LENGTH_MM>
    <LENGTH_PC>
    <LENGTH_PT>
    <LENGTH_Q>
    <NUMBER>
    <PERCENTAGE>
    <PX>
    <REM>
    <S>
    <STRING1>
    <STRING2>
    <TIME_MS>
    <TIME_S>
    <URANGE>
    <URL>
    <VH>
    <VMAX>
    <VMIN>
    <VW>
)
2019-12-08 20:46:54,143 WARN c.h.c.r.e.LoggingCSSParseErrorHandler: Browser compliant mode skipped CSS from [1:265041] starting at token ':' until [1:265050] to token ';' (based on com.helger.css.parser.ParseException: Encountered unexpected token: "(" "("
    at line 1, column 265042.

Was expecting one of:

    "+"
    "-"
    "["
    "and"
    "expression("
    "from"
    "inherit"
    "not"
    "only"
    "or"
    "to"
    <ANGLE_DEG>
    <ANGLE_GRAD>
    <ANGLE_RAD>
    <ANGLE_TURN>
    <CH>
    <DPCM>
    <DPI>
    <DPPX>
    <EM>
    <EX>
    <FR>
    <FREQ_HZ>
    <FREQ_KHZ>
    <FUNCTION>
    <FUNCTION_CALC>
    <HASH>
    <IDENT>
    <LENGTH_CM>
    <LENGTH_IN>
    <LENGTH_MM>
    <LENGTH_PC>
    <LENGTH_PT>
    <LENGTH_Q>
    <NUMBER>
    <PERCENTAGE>
    <PX>
    <REM>
    <S>
    <STRING1>
    <STRING2>
    <TIME_MS>
    <TIME_S>
    <URANGE>
    <URL>
    <VH>
    <VMAX>
    <VMIN>
    <VW>
)
2019-12-08 20:46:54,143 WARN c.h.c.r.e.LoggingCSSParseErrorHandler: Browser compliant mode skipped CSS from [1:265132] starting at token ':' until [1:265141] to token ';' (based on com.helger.css.parser.ParseException: Encountered unexpected token: "(" "("
    at line 1, column 265133.

Was expecting one of:

    "+"
    "-"
    "["
    "and"
    "expression("
    "from"
    "inherit"
    "not"
    "only"
    "or"
    "to"
    <ANGLE_DEG>
    <ANGLE_GRAD>
    <ANGLE_RAD>
    <ANGLE_TURN>
    <CH>
    <DPCM>
    <DPI>
    <DPPX>
    <EM>
    <EX>
    <FR>
    <FREQ_HZ>
    <FREQ_KHZ>
    <FUNCTION>
    <FUNCTION_CALC>
    <HASH>
    <IDENT>
    <LENGTH_CM>
    <LENGTH_IN>
    <LENGTH_MM>
    <LENGTH_PC>
    <LENGTH_PT>
    <LENGTH_Q>
    <NUMBER>
    <PERCENTAGE>
    <PX>
    <REM>
    <S>
    <STRING1>
    <STRING2>
    <TIME_MS>
    <TIME_S>
    <URANGE>
    <URL>
    <VH>
    <VMAX>
    <VMIN>
    <VW>
)
2019-12-08 20:46:54,143 WARN c.h.c.r.e.LoggingCSSParseErrorHandler: Browser compliant mode skipped CSS from [1:265224] starting at token ':' until [1:265234] to token ';' (based on com.helger.css.parser.ParseException: Encountered unexpected token: "(" "("
    at line 1, column 265225.

Was expecting one of:

    "+"
    "-"
    "["
    "and"
    "expression("
    "from"
    "inherit"
    "not"
    "only"
    "or"
    "to"
    <ANGLE_DEG>
    <ANGLE_GRAD>
    <ANGLE_RAD>
    <ANGLE_TURN>
    <CH>
    <DPCM>
    <DPI>
    <DPPX>
    <EM>
    <EX>
    <FR>
    <FREQ_HZ>
    <FREQ_KHZ>
    <FUNCTION>
    <FUNCTION_CALC>
    <HASH>
    <IDENT>
    <LENGTH_CM>
    <LENGTH_IN>
    <LENGTH_MM>
    <LENGTH_PC>
    <LENGTH_PT>
    <LENGTH_Q>
    <NUMBER>
    <PERCENTAGE>
    <PX>
    <REM>
    <S>
    <STRING1>
    <STRING2>
    <TIME_MS>
    <TIME_S>
    <URANGE>
    <URL>
    <VH>
    <VMAX>
    <VMIN>
    <VW>
)
2019-12-08 20:46:54,144 WARN c.h.c.r.e.LoggingCSSParseErrorHandler: Browser compliant mode skipped CSS from [1:265314] starting at token ':' until [1:265323] to token ';' (based on com.helger.css.parser.ParseException: Encountered unexpected token: "(" "("
    at line 1, column 265315.

Was expecting one of:

    "+"
    "-"
    "["
    "and"
    "expression("
    "from"
    "inherit"
    "not"
    "only"
    "or"
    "to"
    <ANGLE_DEG>
    <ANGLE_GRAD>
    <ANGLE_RAD>
    <ANGLE_TURN>
    <CH>
    <DPCM>
    <DPI>
    <DPPX>
    <EM>
    <EX>
    <FR>
    <FREQ_HZ>
    <FREQ_KHZ>
    <FUNCTION>
    <FUNCTION_CALC>
    <HASH>
    <IDENT>
    <LENGTH_CM>
    <LENGTH_IN>
    <LENGTH_MM>
    <LENGTH_PC>
    <LENGTH_PT>
    <LENGTH_Q>
    <NUMBER>
    <PERCENTAGE>
    <PX>
    <REM>
    <S>
    <STRING1>
    <STRING2>
    <TIME_MS>
    <TIME_S>
    <URANGE>
    <URL>
    <VH>
    <VMAX>
    <VMIN>
    <VW>
)
2019-12-08 20:46:54,144 WARN c.h.c.r.e.LoggingCSSParseErrorHandler: Browser compliant mode skipped CSS from [1:265399] starting at token ':' until [1:265408] to token ';' (based on com.helger.css.parser.ParseException: Encountered unexpected token: "(" "("
    at line 1, column 265400.

Was expecting one of:

    "+"
    "-"
    "["
    "and"
    "expression("
    "from"
    "inherit"
    "not"
    "only"
    "or"
    "to"
    <ANGLE_DEG>
    <ANGLE_GRAD>
    <ANGLE_RAD>
    <ANGLE_TURN>
    <CH>
    <DPCM>
    <DPI>
    <DPPX>
    <EM>
    <EX>
    <FR>
    <FREQ_HZ>
    <FREQ_KHZ>
    <FUNCTION>
    <FUNCTION_CALC>
    <HASH>
    <IDENT>
    <LENGTH_CM>
    <LENGTH_IN>
    <LENGTH_MM>
    <LENGTH_PC>
    <LENGTH_PT>
    <LENGTH_Q>
    <NUMBER>
    <PERCENTAGE>
    <PX>
    <REM>
    <S>
    <STRING1>
    <STRING2>
    <TIME_MS>
    <TIME_S>
    <URANGE>
    <URL>
    <VH>
    <VMAX>
    <VMIN>
    <VW>
)
2019-12-08 20:46:54,144 WARN c.h.c.r.e.LoggingCSSParseErrorHandler: Browser compliant mode skipped CSS from [1:265484] starting at token ':' until [1:265493] to token ';' (based on com.helger.css.parser.ParseException: Encountered unexpected token: "(" "("
    at line 1, column 265485.

Was expecting one of:

    "+"
    "-"
    "["
    "and"
    "expression("
    "from"
    "inherit"
    "not"
    "only"
    "or"
    "to"
    <ANGLE_DEG>
    <ANGLE_GRAD>
    <ANGLE_RAD>
    <ANGLE_TURN>
    <CH>
    <DPCM>
    <DPI>
    <DPPX>
    <EM>
    <EX>
    <FR>
    <FREQ_HZ>
    <FREQ_KHZ>
    <FUNCTION>
    <FUNCTION_CALC>
    <HASH>
    <IDENT>
    <LENGTH_CM>
    <LENGTH_IN>
    <LENGTH_MM>
    <LENGTH_PC>
    <LENGTH_PT>
    <LENGTH_Q>
    <NUMBER>
    <PERCENTAGE>
    <PX>
    <REM>
    <S>
    <STRING1>
    <STRING2>
    <TIME_MS>
    <TIME_S>
    <URANGE>
    <URL>
    <VH>
    <VMAX>
    <VMIN>
    <VW>
)
2019-12-08 20:46:54,144 WARN c.h.c.r.e.LoggingCSSParseErrorHandler: Browser compliant mode skipped CSS from [1:265569] starting at token ':' until [1:265578] to token ';' (based on com.helger.css.parser.ParseException: Encountered unexpected token: "(" "("
    at line 1, column 265570.

Was expecting one of:

    "+"
    "-"
    "["
    "and"
    "expression("
    "from"
    "inherit"
    "not"
    "only"
    "or"
    "to"
    <ANGLE_DEG>
    <ANGLE_GRAD>
    <ANGLE_RAD>
    <ANGLE_TURN>
    <CH>
    <DPCM>
    <DPI>
    <DPPX>
    <EM>
    <EX>
    <FR>
    <FREQ_HZ>
    <FREQ_KHZ>
    <FUNCTION>
    <FUNCTION_CALC>
    <HASH>
    <IDENT>
    <LENGTH_CM>
    <LENGTH_IN>
    <LENGTH_MM>
    <LENGTH_PC>
    <LENGTH_PT>
    <LENGTH_Q>
    <NUMBER>
    <PERCENTAGE>
    <PX>
    <REM>
    <S>
    <STRING1>
    <STRING2>
    <TIME_MS>
    <TIME_S>
    <URANGE>
    <URL>
    <VH>
    <VMAX>
    <VMIN>
    <VW>
)
2019-12-08 20:46:54,144 WARN c.h.c.r.e.LoggingCSSParseErrorHandler: Browser compliant mode skipped CSS from [1:265654] starting at token ':' until [1:265663] to token ';' (based on com.helger.css.parser.ParseException: Encountered unexpected token: "(" "("
    at line 1, column 265655.

Was expecting one of:

    "+"
    "-"
    "["
    "and"
    "expression("
    "from"
    "inherit"
    "not"
    "only"
    "or"
    "to"
    <ANGLE_DEG>
    <ANGLE_GRAD>
    <ANGLE_RAD>
    <ANGLE_TURN>
    <CH>
    <DPCM>
    <DPI>
    <DPPX>
    <EM>
    <EX>
    <FR>
    <FREQ_HZ>
    <FREQ_KHZ>
    <FUNCTION>
    <FUNCTION_CALC>
    <HASH>
    <IDENT>
    <LENGTH_CM>
    <LENGTH_IN>
    <LENGTH_MM>
    <LENGTH_PC>
    <LENGTH_PT>
    <LENGTH_Q>
    <NUMBER>
    <PERCENTAGE>
    <PX>
    <REM>
    <S>
    <STRING1>
    <STRING2>
    <TIME_MS>
    <TIME_S>
    <URANGE>
    <URL>
    <VH>
    <VMAX>
    <VMIN>
    <VW>
)
2019-12-08 20:46:54,145 WARN c.h.c.r.e.LoggingCSSParseErrorHandler: Browser compliant mode skipped CSS from [1:265739] starting at token ':' until [1:265748] to token ';' (based on com.helger.css.parser.ParseException: Encountered unexpected token: "(" "("
    at line 1, column 265740.

Was expecting one of:

    "+"
    "-"
    "["
    "and"
    "expression("
    "from"
    "inherit"
    "not"
    "only"
    "or"
    "to"
    <ANGLE_DEG>
    <ANGLE_GRAD>
    <ANGLE_RAD>
    <ANGLE_TURN>
    <CH>
    <DPCM>
    <DPI>
    <DPPX>
    <EM>
    <EX>
    <FR>
    <FREQ_HZ>
    <FREQ_KHZ>
    <FUNCTION>
    <FUNCTION_CALC>
    <HASH>
    <IDENT>
    <LENGTH_CM>
    <LENGTH_IN>
    <LENGTH_MM>
    <LENGTH_PC>
    <LENGTH_PT>
    <LENGTH_Q>
    <NUMBER>
    <PERCENTAGE>
    <PX>
    <REM>
    <S>
    <STRING1>
    <STRING2>
    <TIME_MS>
    <TIME_S>
    <URANGE>
    <URL>
    <VH>
    <VMAX>
    <VMIN>
    <VW>
)
2019-12-08 20:46:54,145 WARN c.h.c.r.e.LoggingCSSParseErrorHandler: Browser compliant mode skipped CSS from [1:265824] starting at token ':' until [1:265833] to token ';' (based on com.helger.css.parser.ParseException: Encountered unexpected token: "(" "("
    at line 1, column 265825.

Was expecting one of:

    "+"
    "-"
    "["
    "and"
    "expression("
    "from"
    "inherit"
    "not"
    "only"
    "or"
    "to"
    <ANGLE_DEG>
    <ANGLE_GRAD>
    <ANGLE_RAD>
    <ANGLE_TURN>
    <CH>
    <DPCM>
    <DPI>
    <DPPX>
    <EM>
    <EX>
    <FR>
    <FREQ_HZ>
    <FREQ_KHZ>
    <FUNCTION>
    <FUNCTION_CALC>
    <HASH>
    <IDENT>
    <LENGTH_CM>
    <LENGTH_IN>
    <LENGTH_MM>
    <LENGTH_PC>
    <LENGTH_PT>
    <LENGTH_Q>
    <NUMBER>
    <PERCENTAGE>
    <PX>
    <REM>
    <S>
    <STRING1>
    <STRING2>
    <TIME_MS>
    <TIME_S>
    <URANGE>
    <URL>
    <VH>
    <VMAX>
    <VMIN>
    <VW>
)
2019-12-08 20:46:54,145 WARN c.h.c.r.e.LoggingCSSParseErrorHandler: Browser compliant mode skipped CSS from [1:265909] starting at token ':' until [1:265918] to token ';' (based on com.helger.css.parser.ParseException: Encountered unexpected token: "(" "("
    at line 1, column 265910.

Was expecting one of:

    "+"
    "-"
    "["
    "and"
    "expression("
    "from"
    "inherit"
    "not"
    "only"
    "or"
    "to"
    <ANGLE_DEG>
    <ANGLE_GRAD>
    <ANGLE_RAD>
    <ANGLE_TURN>
    <CH>
    <DPCM>
    <DPI>
    <DPPX>
    <EM>
    <EX>
    <FR>
    <FREQ_HZ>
    <FREQ_KHZ>
    <FUNCTION>
    <FUNCTION_CALC>
    <HASH>
    <IDENT>
    <LENGTH_CM>
    <LENGTH_IN>
    <LENGTH_MM>
    <LENGTH_PC>
    <LENGTH_PT>
    <LENGTH_Q>
    <NUMBER>
    <PERCENTAGE>
    <PX>
    <REM>
    <S>
    <STRING1>
    <STRING2>
    <TIME_MS>
    <TIME_S>
    <URANGE>
    <URL>
    <VH>
    <VMAX>
    <VMIN>
    <VW>
)
2019-12-08 20:46:54,146 WARN c.h.c.r.e.LoggingCSSParseErrorHandler: Browser compliant mode skipped CSS from [1:265994] starting at token ':' until [1:266003] to token ';' (based on com.helger.css.parser.ParseException: Encountered unexpected token: "(" "("
    at line 1, column 265995.

Was expecting one of:

    "+"
    "-"
    "["
    "and"
    "expression("
    "from"
    "inherit"
    "not"
    "only"
    "or"
    "to"
    <ANGLE_DEG>
    <ANGLE_GRAD>
    <ANGLE_RAD>
    <ANGLE_TURN>
    <CH>
    <DPCM>
    <DPI>
    <DPPX>
    <EM>
    <EX>
    <FR>
    <FREQ_HZ>
    <FREQ_KHZ>
    <FUNCTION>
    <FUNCTION_CALC>
    <HASH>
    <IDENT>
    <LENGTH_CM>
    <LENGTH_IN>
    <LENGTH_MM>
    <LENGTH_PC>
    <LENGTH_PT>
    <LENGTH_Q>
    <NUMBER>
    <PERCENTAGE>
    <PX>
    <REM>
    <S>
    <STRING1>
    <STRING2>
    <TIME_MS>
    <TIME_S>
    <URANGE>
    <URL>
    <VH>
    <VMAX>
    <VMIN>
    <VW>
)
2019-12-08 20:46:54,146 WARN c.h.c.r.e.LoggingCSSParseErrorHandler: Browser compliant mode skipped CSS from [1:266080] starting at token ':' until [1:266090] to token ';' (based on com.helger.css.parser.ParseException: Encountered unexpected token: "(" "("
    at line 1, column 266081.

Was expecting one of:

    "+"
    "-"
    "["
    "and"
    "expression("
    "from"
    "inherit"
    "not"
    "only"
    "or"
    "to"
    <ANGLE_DEG>
    <ANGLE_GRAD>
    <ANGLE_RAD>
    <ANGLE_TURN>
    <CH>
    <DPCM>
    <DPI>
    <DPPX>
    <EM>
    <EX>
    <FR>
    <FREQ_HZ>
    <FREQ_KHZ>
    <FUNCTION>
    <FUNCTION_CALC>
    <HASH>
    <IDENT>
    <LENGTH_CM>
    <LENGTH_IN>
    <LENGTH_MM>
    <LENGTH_PC>
    <LENGTH_PT>
    <LENGTH_Q>
    <NUMBER>
    <PERCENTAGE>
    <PX>
    <REM>
    <S>
    <STRING1>
    <STRING2>
    <TIME_MS>
    <TIME_S>
    <URANGE>
    <URL>
    <VH>
    <VMAX>
    <VMIN>
    <VW>
)
2019-12-08 20:46:59,898 INFO o.a.j.t.JMeterThread: Thread is done: Thread Group 1-1
2019-12-08 20:46:59,899 INFO o.a.j.t.JMeterThread: Thread finished: Thread Group 1-1
2019-12-08 20:46:59,906 INFO o.a.j.e.StandardJMeterEngine: Notifying test listeners of end of test
2019-12-08 20:46:59,907 INFO o.a.j.g.u.JMeterMenuBar: setRunning(false, *local*)
2019-12-08 20:47:10,133 INFO o.a.j.e.StandardJMeterEngine: Running the test!
2019-12-08 20:47:10,133 INFO o.a.j.s.SampleEvent: List of sample_variables: []
2019-12-08 20:47:10,135 INFO o.a.j.g.u.JMeterMenuBar: setRunning(true, *local*)
2019-12-08 20:47:10,294 INFO o.a.j.e.StandardJMeterEngine: Starting ThreadGroup: 1 : Thread Group
2019-12-08 20:47:10,294 INFO o.a.j.e.StandardJMeterEngine: Starting 1 threads for group Thread Group.
2019-12-08 20:47:10,294 INFO o.a.j.e.StandardJMeterEngine: Thread will continue on error
2019-12-08 20:47:10,294 INFO o.a.j.t.ThreadGroup: Starting thread group... number=1 threads=1 ramp-up=1 delayedStart=false
2019-12-08 20:47:10,295 INFO o.a.j.t.ThreadGroup: Started thread group number 1
2019-12-08 20:47:10,296 INFO o.a.j.e.StandardJMeterEngine: All thread groups have been started
2019-12-08 20:47:10,296 INFO o.a.j.t.JMeterThread: Thread started: Thread Group 1-1
2019-12-08 20:47:39,190 INFO o.a.j.t.JMeterThread: Thread is done: Thread Group 1-1
2019-12-08 20:47:39,191 INFO o.a.j.t.JMeterThread: Thread finished: Thread Group 1-1
2019-12-08 20:47:39,205 INFO o.a.j.e.StandardJMeterEngine: Notifying test listeners of end of test
2019-12-08 20:47:39,205 INFO o.a.j.g.u.JMeterMenuBar: setRunning(false, *local*)
2019-12-08 20:49:13,644 INFO o.a.j.g.a.Load: Loading file: C:\Repo\LoadDev\bin\GmailLoad.jmx
2019-12-08 20:49:13,645 INFO o.a.j.s.FileServer: Set new base='C:\Repo\LoadDev\bin'
2019-12-08 20:49:13,645 INFO o.a.j.s.SaveService: Loading file: C:\Repo\LoadDev\bin\GmailLoad.jmx
2019-12-08 20:49:13,708 INFO o.a.j.s.FileServer: Set new base='C:\Repo\LoadDev\bin'
2019-12-08 20:49:42,764 INFO o.a.j.s.FileServer: Set new base='C:\Repo\LoadDev\bin'
